<?xml version="1.0" encoding="UTF-8"?>
<!-- Generated by org.testng.reporters.JUnitReportReporter -->
<testsuite hostname="LTIN485793" failures="0" tests="4" name="TestCase.TC_001" time="42.542" errors="0" timestamp="2024-04-11T23:22:24 IST" skipped="0">
  <testcase classname="TestCase.TC_001" name="search_functionality" time="36.124"/>
  <testcase classname="TestCase.TC_001" name="filter_functionality" time="4.766"/>
  <testcase classname="TestCase.TC_001" name="check_sortfuction" time="1.052"/>
  <testcase classname="TestCase.TC_001" name="check_and_print" time="0.600"/>
</testsuite> <!-- TestCase.TC_001 -->
