<?xml version="1.0" encoding="UTF-8"?>
<!-- Generated by org.testng.reporters.JUnitReportReporter -->
<testsuite hostname="LTIN485793" failures="0" tests="2" name="TestCase.TC_003" time="7.815" errors="0" timestamp="2024-04-11T23:22:24 IST" skipped="0">
  <testcase classname="TestCase.TC_003" name="choose_giftcard_validate" time="6.971"/>
  <testcase classname="TestCase.TC_003" name="checkout_validation" time="0.844"/>
</testsuite> <!-- TestCase.TC_003 -->
