<?xml version="1.0" encoding="UTF-8"?>
<!-- Generated by org.testng.reporters.JUnitReportReporter -->
<testsuite hostname="LTIN485793" failures="0" tests="1" name="TestCase.TC_002" time="4.236" errors="0" timestamp="2024-04-11T23:22:24 IST" skipped="0">
  <testcase classname="TestCase.TC_002" name="submenu_printcheck" time="4.236"/>
</testsuite> <!-- TestCase.TC_002 -->
